2024-09-01 08:26:37,567 - INFO - Thread running
2024-09-01 08:26:37,568 - INFO - Starting MQTT client
2024-09-01 08:26:37,568 - INFO - Error configuring sensor: could not open port '/dev/ttyACM0': FileNotFoundError(2, 'El sistema no puede encontrar la ruta especificada.', None, 3)
2024-09-01 08:26:37,569 - INFO - Running IV-Curve thread...
2024-09-01 08:26:37,675 - INFO - Connected to concentrators
2024-09-01 08:26:37,568 - INFO - Starting MQTT client
2024-09-01 08:26:37,677 - INFO - Error configuring sensor: could not open port '/dev/ttyACM0': FileNotFoundError(2, 'El sistema no puede encontrar la ruta especificada.', None, 3)
2024-09-01 08:26:37,678 - INFO - Connected to sensor Curve-IV
2024-09-01 08:26:37,681 - INFO - Error reading solar_irradiance: 'Irradiation' object has no attribute 'instrument'
2024-09-01 08:26:37,682 - INFO - Error reading air_temperature: 'Irradiation' object has no attribute 'instrument'
2024-09-01 08:26:40,682 - INFO - No connection to inverter. Retrying...
2024-09-01 08:26:40,682 - INFO - No connection to inverter. Retrying...
2024-09-01 08:26:41,865 - INFO - Analyzing data for sending...
2024-09-01 08:26:41,865 - INFO - Analyzing data for sending...
2024-09-01 08:32:22,746 - INFO - Thread running
2024-09-01 08:32:22,746 - INFO - Starting MQTT client
2024-09-01 08:32:22,747 - INFO - Running IV-Curve thread...
2024-09-01 08:32:22,843 - INFO - Error configuring sensor: could not open port '/dev/ttyACM0': FileNotFoundError(2, 'El sistema no puede encontrar la ruta especificada.', None, 3)
2024-09-01 08:32:22,846 - INFO - Connected to concentrators
2024-09-01 08:32:22,746 - INFO - Starting MQTT client
2024-09-01 08:32:22,851 - INFO - Connected to sensor Curve-IV
2024-09-01 08:32:22,851 - INFO - Error configuring sensor: could not open port '/dev/ttyACM0': FileNotFoundError(2, 'El sistema no puede encontrar la ruta especificada.', None, 3)
2024-09-01 08:32:22,853 - INFO - Error reading solar_irradiance: 'Irradiation' object has no attribute 'instrument'
2024-09-01 08:32:22,855 - INFO - Error reading air_temperature: 'Irradiation' object has no attribute 'instrument'
2024-09-01 08:32:25,859 - INFO - No connection to inverter. Retrying...
2024-09-01 08:32:25,859 - INFO - No connection to inverter. Retrying...
2024-09-01 08:32:26,923 - INFO - Analyzing data for sending...
2024-09-01 08:32:26,923 - INFO - Analyzing data for sending...
2024-09-01 08:32:26,925 - INFO - Concentrator 1 queue is empty
2024-09-01 08:32:26,925 - INFO - Concentrator 1 queue is empty
2024-09-01 08:32:26,928 - INFO - Concentrator 2 queue is empty
2024-09-01 08:32:26,928 - INFO - Concentrator 2 queue is empty
2024-09-01 08:32:26,930 - INFO - Inversor queue is empty
2024-09-01 08:32:26,930 - INFO - Inversor queue is empty
2024-09-01 08:32:26,932 - INFO - Irradiation queue is empty
2024-09-01 08:32:26,932 - INFO - Irradiation queue is empty
2024-09-01 08:32:26,933 - INFO - IV Curve queue is empty
2024-09-01 08:32:26,933 - INFO - IV Curve queue is empty
2024-09-01 08:32:38,877 - INFO - No connection to inverter. Retrying...
2024-09-01 08:32:38,877 - INFO - No connection to inverter. Retrying...
2024-09-01 08:32:46,954 - INFO - Analyzing data for sending...
2024-09-01 08:32:46,954 - INFO - Analyzing data for sending...
2024-09-01 08:32:46,957 - INFO - Concentrator 1 queue is empty
2024-09-01 08:32:46,957 - INFO - Concentrator 1 queue is empty
2024-09-01 08:32:46,959 - INFO - Concentrator 2 queue is empty
2024-09-01 08:32:46,959 - INFO - Concentrator 2 queue is empty
2024-09-01 08:32:46,961 - INFO - Inversor queue is empty
2024-09-01 08:32:46,961 - INFO - Inversor queue is empty
2024-09-01 08:32:46,963 - INFO - Irradiation queue is empty
2024-09-01 08:32:46,963 - INFO - Irradiation queue is empty
2024-09-01 08:32:46,966 - INFO - IV Curve queue is empty
2024-09-01 08:32:46,966 - INFO - IV Curve queue is empty
2024-09-01 08:32:51,892 - INFO - No connection to inverter. Retrying...
2024-09-01 08:32:51,892 - INFO - No connection to inverter. Retrying...
2024-09-01 08:33:04,919 - INFO - No connection to inverter. Retrying...
2024-09-01 08:33:04,919 - INFO - No connection to inverter. Retrying...
2024-09-01 08:33:06,980 - INFO - Analyzing data for sending...
2024-09-01 08:33:06,980 - INFO - Analyzing data for sending...
2024-09-01 08:33:06,984 - INFO - Concentrator 1 queue is empty
2024-09-01 08:33:06,984 - INFO - Concentrator 1 queue is empty
2024-09-01 08:33:06,986 - INFO - Concentrator 2 queue is empty
2024-09-01 08:33:06,986 - INFO - Concentrator 2 queue is empty
2024-09-01 08:33:06,988 - INFO - Inversor queue is empty
2024-09-01 08:33:06,988 - INFO - Inversor queue is empty
2024-09-01 08:33:06,991 - INFO - Irradiation queue is empty
2024-09-01 08:33:06,991 - INFO - Irradiation queue is empty
2024-09-01 08:33:06,992 - INFO - IV Curve queue is empty
2024-09-01 08:33:06,992 - INFO - IV Curve queue is empty
2024-09-01 08:33:17,936 - INFO - No connection to inverter. Retrying...
2024-09-01 08:33:17,936 - INFO - No connection to inverter. Retrying...
2024-09-01 08:33:20,657 - INFO - STOPPING CONCENTRADOR THREAD....
2024-09-01 08:33:20,659 - INFO - STOPPING INVERSOR THREAD....
2024-09-01 08:33:20,659 - INFO - STOPPING INVERSOR THREAD....
2024-09-01 08:33:22,877 - INFO - No radiation data received. Filling with previous data
2024-09-01 08:33:24,063 - INFO - No concentrators data received. Filling with previous data
2024-09-01 08:33:25,073 - INFO - STOPPED THREAD CONCENTRADOR!
2024-09-01 08:33:25,884 - INFO - STOPPED IRRADIATION THREAD!
2024-09-01 08:33:25,885 - INFO - STOPPING IRRADIATION THREAD....
2024-09-01 08:33:25,886 - INFO - STOPPING NUVOL THREAD...
2024-09-01 08:33:25,886 - INFO - STOPPING NUVOL THREAD...
2024-09-01 08:33:25,887 - INFO - STOPPING IV-CURVE THREAD...
2024-09-01 08:33:27,003 - INFO - STOPPED NUVOL THREAD!
2024-09-01 08:33:27,003 - INFO - STOPPED NUVOL THREAD!
2024-09-01 08:33:28,963 - INFO - STOPPED INVERSOR THREAD!
2024-09-01 08:33:28,963 - INFO - STOPPED INVERSOR THREAD!
