2024-08-31 20:03:55 - Connected to concentrators
2024-08-31 20:16:23,331 - INFO - Thread running
2024-08-31 20:16:23,335 - INFO - Connected to concentrators
2024-08-31 20:16:29,674 - INFO - STOPPING CONCENTRADOR THREAD....
2024-08-31 20:16:30,353 - INFO - No concentrators data received. Filling with previous data
2024-08-31 20:16:31,365 - INFO - STOPPED THREAD CONCENTRADOR!
2024-08-31 20:27:39,535 - INFO - Running IV-Curve thread...
2024-08-31 20:27:39,536 - INFO - Connected to sensor Curve-IV
2024-08-31 20:27:43,260 - INFO - STOPPING IV-CURVE THREAD...
2024-08-31 20:33:56,530 - INFO - Error configuring sensor: could not open port '/dev/ttyACM0': FileNotFoundError(2, 'El sistema no puede encontrar la ruta especificada.', None, 3)
2024-08-31 20:33:56,533 - INFO - Error configuring sensor: could not open port '/dev/ttyACM0': FileNotFoundError(2, 'El sistema no puede encontrar la ruta especificada.', None, 3)
2024-08-31 20:33:56,534 - INFO - Error reading solar_irradiance: 'Irradiation' object has no attribute 'instrument'
2024-08-31 20:33:56,535 - INFO - Error reading air_temperature: 'Irradiation' object has no attribute 'instrument'
2024-08-31 20:34:56,537 - INFO - No radiation data received. Filling with previous data
2024-08-31 20:34:59,555 - INFO - STOPPED IRRADIATION THREAD!
2024-08-31 20:34:59,557 - INFO - STOPPING IRRADIATION THREAD....
2024-08-31 20:34:59,611 - INFO - STOPPING IRRADIATION THREAD....
2024-08-31 20:35:16,211 - INFO - Error configuring sensor: could not open port '/dev/ttyACM0': FileNotFoundError(2, 'El sistema no puede encontrar la ruta especificada.', None, 3)
2024-08-31 20:35:16,214 - INFO - Error configuring sensor: could not open port '/dev/ttyACM0': FileNotFoundError(2, 'El sistema no puede encontrar la ruta especificada.', None, 3)
2024-08-31 20:35:16,216 - INFO - Error reading solar_irradiance: 'Irradiation' object has no attribute 'instrument'
2024-08-31 20:35:16,217 - INFO - Error reading air_temperature: 'Irradiation' object has no attribute 'instrument'
2024-08-31 20:45:57,105 - INFO - No connection to inverter. Retrying...
2024-08-31 20:46:00,407 - INFO - STOPPING INVERSOR THREAD....
2024-09-01 16:38:00,255 - INFO - Running IV-Curve thread...
2024-09-01 16:38:00,261 - INFO - Connected to sensor Curve-IV
2024-09-01 16:40:45,126 - INFO - Running IV-Curve thread...
2024-09-01 16:40:45,128 - INFO - Connected to sensor Curve-IV
2024-09-01 16:40:52,269 - INFO - STOPPING IV-CURVE THREAD...
2024-09-01 16:40:59,173 - INFO - STOPPED THREAD IV-CURVE!
2024-09-01 16:41:34,543 - INFO - Running IV-Curve thread...
2024-09-01 16:41:34,545 - INFO - Connected to sensor Curve-IV
2024-09-01 16:41:38,511 - INFO - STOPPING IV-CURVE THREAD...
2024-09-01 16:42:30,783 - INFO - Running IV-Curve thread...
2024-09-01 16:42:30,787 - INFO - Connected to sensor Curve-IV
2024-09-01 16:42:38,853 - INFO - STOPPING IV-CURVE THREAD...
2024-09-01 16:42:44,835 - INFO - STOPPED THREAD IV-CURVE!
2024-09-01 16:43:01,316 - INFO - Error configuring sensor: could not open port '/dev/ttyACM0': FileNotFoundError(2, 'El sistema no puede encontrar la ruta especificada.', None, 3)
2024-09-01 16:43:01,318 - INFO - Error configuring sensor: could not open port '/dev/ttyACM0': FileNotFoundError(2, 'El sistema no puede encontrar la ruta especificada.', None, 3)
2024-09-01 16:43:01,320 - INFO - Error reading solar_irradiance: 'Irradiation' object has no attribute 'instrument'
2024-09-01 16:43:01,320 - INFO - Error reading air_temperature: 'Irradiation' object has no attribute 'instrument'
2024-09-01 16:44:33,151 - INFO - Running IV-Curve thread...
2024-09-01 16:44:33,152 - INFO - Connected to sensor Curve-IV
2024-09-01 16:44:37,357 - INFO - STOPPING IV-CURVE THREAD...
2024-09-01 16:44:54,416 - INFO - No connection to inverter. Retrying...
2024-09-01 16:45:03,369 - INFO - STOPPING INVERSOR THREAD....
2024-09-01 16:45:05,424 - INFO - STOPPED INVERSOR THREAD!
2024-09-01 16:45:48,965 - INFO - Running IV-Curve thread...
2024-09-01 16:45:48,969 - INFO - Connected to sensor Curve-IVs
2024-09-01 16:45:55,898 - INFO - STOPPING IV-CURVE THREAD...
2024-09-01 16:45:56,989 - INFO - STOPPED THREAD IV-CURVE!
2024-09-01 16:55:42,095 - INFO - Running IV-Curve thread...
2024-09-01 16:55:42,098 - INFO - Connected to sensor Curve-IVs
2024-09-01 16:56:14,573 - INFO - IV-Curve data received
2024-09-01 16:56:15,576 - INFO - IV-Curve data received
2024-09-01 16:56:16,588 - INFO - IV-Curve data received
2024-09-01 16:56:17,600 - INFO - IV-Curve data received
2024-09-01 16:56:18,609 - INFO - IV-Curve data received
2024-09-01 16:56:19,620 - INFO - IV-Curve data received
2024-09-01 16:56:20,631 - INFO - IV-Curve data received
2024-09-01 16:56:21,644 - INFO - IV-Curve data received
2024-09-01 16:56:22,656 - INFO - IV-Curve data received
2024-09-01 16:56:23,662 - INFO - IV-Curve data received
2024-09-01 16:56:24,683 - INFO - IV-Curve data received
2024-09-01 17:47:08,733 - INFO - Running IV-Curve thread...
2024-09-01 17:47:08,735 - INFO - Connected to sensor Curve-IVs
2024-09-01 17:47:17,925 - INFO - STOPPING IV-CURVE THREAD...
2024-09-01 17:47:22,780 - INFO - STOPPED THREAD IV-CURVE!
2024-09-01 17:48:10,187 - INFO - Running IV-Curve thread...
2024-09-01 17:48:10,189 - INFO - Connected to sensor Curve-IVs
2024-09-01 17:48:23,444 - INFO - IV-Curve data received
2024-09-01 17:48:24,453 - INFO - IV-Curve data received
2024-09-01 17:48:25,462 - INFO - IV-Curve data received
2024-09-01 17:48:26,476 - INFO - IV-Curve data received
2024-09-01 17:48:27,491 - INFO - IV-Curve data received
2024-09-01 17:48:28,505 - INFO - IV-Curve data received
2024-09-01 17:48:29,517 - INFO - IV-Curve data received
2024-09-01 17:48:30,528 - INFO - IV-Curve data received
2024-09-01 17:48:31,541 - INFO - IV-Curve data received
2024-09-01 17:48:32,558 - INFO - IV-Curve data received
2024-09-01 17:48:33,574 - INFO - IV-Curve data received
2024-09-01 17:49:44,572 - INFO - Running IV-Curve thread...
2024-09-01 17:49:44,574 - INFO - Connected to sensor Curve-IVs
2024-09-01 17:49:56,084 - INFO - STOPPING IV-CURVE THREAD...
2024-09-01 17:49:58,623 - INFO - STOPPED THREAD IV-CURVE!
2024-09-01 17:54:31,683 - INFO - Running IV-Curve thread...
2024-09-01 17:54:31,685 - INFO - Connected to sensor Curve-IVs
2024-09-01 17:54:51,689 - INFO - IV-Curve data received
2024-09-01 17:54:51,693 - INFO - IV-Curve data received
2024-09-01 17:54:51,698 - INFO - IV-Curve data received
2024-09-01 17:54:51,700 - INFO - IV-Curve data received
2024-09-01 17:54:51,704 - INFO - IV-Curve data received
2024-09-01 17:54:51,708 - INFO - IV-Curve data received
2024-09-01 17:54:51,713 - INFO - IV-Curve data received
2024-09-01 17:54:51,717 - INFO - IV-Curve data received
2024-09-01 17:54:51,721 - INFO - IV-Curve data received
2024-09-01 17:54:51,725 - INFO - IV-Curve data received
2024-09-01 17:54:51,728 - INFO - IV-Curve data received
2024-09-01 17:57:52,749 - INFO - Running IV-Curve thread...
2024-09-01 17:57:52,752 - INFO - Connected to sensor Curve-IVs
2024-09-01 17:57:56,785 - INFO - STOPPING IV-CURVE THREAD...
